{"/Users/danbi/Dev/vanillajs-typescript-gulp-project-boilerplate/src/js/app.ts": {"path":"/Users/danbi/Dev/vanillajs-typescript-gulp-project-boilerplate/src/js/app.ts","statementMap":{"0":{"start":{"line":1,"column":0},"end":{"line":1,"column":32}},"1":{"start":{"line":10,"column":18},"end":{"line":10,"column":25}},"2":{"start":{"line":11,"column":21},"end":{"line":11,"column":50}},"3":{"start":{"line":12,"column":18},"end":{"line":12,"column":60}},"4":{"start":{"line":13,"column":2},"end":{"line":13,"column":75}},"5":{"start":{"line":15,"column":21},"end":{"line":15,"column":28}},"6":{"start":{"line":16,"column":19},"end":{"line":16,"column":59}},"7":{"start":{"line":17,"column":2},"end":{"line":19,"column":null}},"8":{"start":{"line":18,"column":4},"end":{"line":18,"column":39}},"9":{"start":{"line":20,"column":2},"end":{"line":24,"column":null}},"10":{"start":{"line":21,"column":18},"end":{"line":21,"column":45}},"11":{"start":{"line":22,"column":4},"end":{"line":22,"column":37}},"12":{"start":{"line":23,"column":4},"end":{"line":23,"column":32}},"13":{"start":{"line":26,"column":22},"end":{"line":26,"column":29}},"14":{"start":{"line":27,"column":18},"end":{"line":27,"column":72}},"15":{"start":{"line":28,"column":2},"end":{"line":28,"column":53}},"16":{"start":{"line":29,"column":2},"end":{"line":31,"column":null}},"17":{"start":{"line":30,"column":4},"end":{"line":30,"column":33}},"18":{"start":{"line":32,"column":14},"end":{"line":32,"column":25}},"19":{"start":{"line":33,"column":2},"end":{"line":33,"column":26}},"20":{"start":{"line":34,"column":18},"end":{"line":34,"column":41}},"21":{"start":{"line":35,"column":2},"end":{"line":40,"column":null}},"22":{"start":{"line":36,"column":4},"end":{"line":39,"column":6}},"23":{"start":{"line":37,"column":6},"end":{"line":37,"column":45}},"24":{"start":{"line":38,"column":6},"end":{"line":38,"column":27}},"25":{"start":{"line":8,"column":0},"end":{"line":8,"column":16}}},"fnMap":{"0":{"name":"init","decl":{"start":{"line":8,"column":16},"end":{"line":8,"column":20}},"loc":{"start":{"line":8,"column":39},"end":{"line":41,"column":1}}},"1":{"name":"(anonymous_1)","decl":{"start":{"line":36,"column":17},"end":{"line":36,"column":null}},"loc":{"start":{"line":36,"column":17},"end":{"line":39,"column":5}}}},"branchMap":{"0":{"loc":{"start":{"line":17,"column":2},"end":{"line":19,"column":null}},"type":"if","locations":[{"start":{"line":17,"column":2},"end":{"line":19,"column":null}},{"start":{"line":17,"column":2},"end":{"line":19,"column":null}}]},"1":{"loc":{"start":{"line":20,"column":2},"end":{"line":24,"column":null}},"type":"if","locations":[{"start":{"line":20,"column":2},"end":{"line":24,"column":null}},{"start":{"line":20,"column":2},"end":{"line":24,"column":null}}]},"2":{"loc":{"start":{"line":29,"column":2},"end":{"line":31,"column":null}},"type":"if","locations":[{"start":{"line":29,"column":2},"end":{"line":31,"column":null}},{"start":{"line":29,"column":2},"end":{"line":31,"column":null}}]},"3":{"loc":{"start":{"line":35,"column":2},"end":{"line":40,"column":null}},"type":"if","locations":[{"start":{"line":35,"column":2},"end":{"line":40,"column":null}},{"start":{"line":35,"column":2},"end":{"line":40,"column":null}}]}},"s":{"0":1,"1":2,"2":2,"3":2,"4":2,"5":2,"6":2,"7":2,"8":2,"9":2,"10":2,"11":2,"12":2,"13":2,"14":2,"15":2,"16":2,"17":2,"18":2,"19":2,"20":2,"21":2,"22":2,"23":0,"24":0,"25":1},"f":{"0":2,"1":0},"b":{"0":[2,0],"1":[2,0],"2":[2,0],"3":[2,0]}}
,"/Users/danbi/Dev/vanillajs-typescript-gulp-project-boilerplate/src/js/selector.ts": {"path":"/Users/danbi/Dev/vanillajs-typescript-gulp-project-boilerplate/src/js/selector.ts","statementMap":{"0":{"start":{"line":2,"column":2},"end":{"line":2,"column":32}},"1":{"start":{"line":3,"column":17},"end":{"line":3,"column":51}},"2":{"start":{"line":4,"column":2},"end":{"line":4,"column":46}},"3":{"start":{"line":1,"column":0},"end":{"line":1,"column":16}}},"fnMap":{"0":{"name":"$$","decl":{"start":{"line":1,"column":16},"end":{"line":1,"column":18}},"loc":{"start":{"line":1,"column":54},"end":{"line":5,"column":1}}}},"branchMap":{"0":{"loc":{"start":{"line":2,"column":12},"end":{"line":2,"column":19}},"type":"binary-expr","locations":[{"start":{"line":2,"column":12},"end":{"line":2,"column":19}},{"start":{"line":2,"column":23},"end":{"line":2,"column":31}}]}},"s":{"0":2,"1":2,"2":2,"3":1},"f":{"0":2},"b":{"0":[2,0]}}
}
