TN:
SF:src/js/app.ts
FN:8,init
FN:36,(anonymous_1)
FNF:2
FNH:1
FNDA:2,init
FNDA:0,(anonymous_1)
DA:1,1
DA:8,1
DA:10,2
DA:11,2
DA:12,2
DA:13,2
DA:15,2
DA:16,2
DA:17,2
DA:18,2
DA:20,2
DA:21,2
DA:22,2
DA:23,2
DA:26,2
DA:27,2
DA:28,2
DA:29,2
DA:30,2
DA:32,2
DA:33,2
DA:34,2
DA:35,2
DA:36,2
DA:37,0
DA:38,0
LF:26
LH:24
BRDA:17,0,0,2
BRDA:17,0,1,0
BRDA:20,1,0,2
BRDA:20,1,1,0
BRDA:29,2,0,2
BRDA:29,2,1,0
BRDA:35,3,0,2
BRDA:35,3,1,0
BRF:8
BRH:4
end_of_record
TN:
SF:src/js/selector.ts
FN:1,$$
FNF:1
FNH:1
FNDA:2,$$
DA:1,1
DA:2,2
DA:3,2
DA:4,2
LF:4
LH:4
BRDA:2,0,0,2
BRDA:2,0,1,0
BRF:2
BRH:1
end_of_record
